<?xml version="1.0" encoding="UTF-8"?>
<testsuite xmlns:xsi="http://www.w3.org/2001/XMLSchema-instance" xsi:noNamespaceSchemaLocation="https://maven.apache.org/surefire/maven-surefire-plugin/xsd/surefire-test-report-3.0.xsd" version="3.0" name="com.luv2code.springbootdemo.mycoolapp.MycoolappApplicationTests" time="2.37" tests="1" errors="0" skipped="0" failures="0">
  <properties>
[...]
</properties>
  <testcase name="contextLoads" classname="com.luv2code.springbootdemo.mycoolapp.MycoolappApplicationTests" time="1.116">
    <system-out><![CDATA[10:01:44.521 [main] INFO org.springframework.test.context.support.AnnotationConfigContextLoaderUtils -- Could not detect default configuration classes for test class [com.luv2code.springbootdemo.mycoolapp.MycoolappApplicationTests]: MycoolappApplicationTests does not declare any static, non-private, non-final, nested classes annotated with @Configuration.
10:01:44.627 [main] INFO org.springframework.boot.test.context.SpringBootTestContextBootstrapper -- Found @SpringBootConfiguration com.luv2code.springbootdemo.mycoolapp.MycoolappApplication for test class com.luv2code.springbootdemo.mycoolapp.MycoolappApplicationTests

  .   ____          _            __ _ _
 /\\ / ___'_ __ _ _(_)_ __  __ _ \ \ \ \
( ( )\___ | '_ | '_| | '_ \/ _` | \ \ \ \
 \\/  ___)| |_)| | | | | || (_| |  ) ) ) )
  '  |____| .__|_| |_|_| |_\__, | / / / /
 =========|_|==============|___/=/_/_/_/
 :: Spring Boot ::                (v3.1.6)

2024-08-06T10:01:45.083-04:00  INFO 23492 --- [           main] c.l.s.m.MycoolappApplicationTests        : Starting MycoolappApplicationTests using Java 17.0.11 with PID 23492 (started by PETES29 in C:\dev-spring\mycoolapp)
2024-08-06T10:01:45.084-04:00  INFO 23492 --- [           main] c.l.s.m.MycoolappApplicationTests        : No active profile set, falling back to 1 default profile: "default"
2024-08-06T10:01:45.576-04:00  INFO 23492 --- [           main] c.l.s.m.MycoolappApplicationTests        : Started MycoolappApplicationTests in 0.786 seconds (process running for 1.803)
]]></system-out>
  </testcase>
</testsuite>