<?xml version="1.0" encoding="UTF-8"?>
<testsuite xmlns:xsi="http://www.w3.org/2001/XMLSchema-instance" xsi:noNamespaceSchemaLocation="https://maven.apache.org/surefire/maven-surefire-plugin/xsd/surefire-test-report-3.0.xsd" version="3.0" name="com.luv2code.springbootdemo.mycoolapp.MycoolappApplicationTests" time="3.008" tests="1" errors="0" skipped="0" failures="0">
  <properties>
[...]
</properties>
  <testcase name="contextLoads" classname="com.luv2code.springbootdemo.mycoolapp.MycoolappApplicationTests" time="0.732">
    <system-out><![CDATA[14:25:11.720 [main] INFO org.springframework.test.context.support.AnnotationConfigContextLoaderUtils -- Could not detect default configuration classes for test class [com.luv2code.springbootdemo.mycoolapp.MycoolappApplicationTests]: MycoolappApplicationTests does not declare any static, non-private, non-final, nested classes annotated with @Configuration.
14:25:11.789 [main] INFO org.springframework.boot.test.context.SpringBootTestContextBootstrapper -- Found @SpringBootConfiguration com.luv2code.springbootdemo.mycoolapp.MycoolappApplication for test class com.luv2code.springbootdemo.mycoolapp.MycoolappApplicationTests

  .   ____          _            __ _ _
 /\\ / ___'_ __ _ _(_)_ __  __ _ \ \ \ \
( ( )\___ | '_ | '_| | '_ \/ _` | \ \ \ \
 \\/  ___)| |_)| | | | | || (_| |  ) ) ) )
  '  |____| .__|_| |_|_| |_\__, | / / / /
 =========|_|==============|___/=/_/_/_/
 :: Spring Boot ::                (v3.1.6)

2024-08-06T14:25:12.106-04:00  INFO 25300 --- [           main] c.l.s.m.MycoolappApplicationTests        : Starting MycoolappApplicationTests using Java 17.0.11 with PID 25300 (started by PETES29 in C:\dev-spring\01-spring-boot-overview\02-dev-tools-demo)
2024-08-06T14:25:12.108-04:00  INFO 25300 --- [           main] c.l.s.m.MycoolappApplicationTests        : No active profile set, falling back to 1 default profile: "default"
2024-08-06T14:25:13.602-04:00  WARN 25300 --- [           main] .s.s.UserDetailsServiceAutoConfiguration : 

Using generated security password: a6e34418-8eb7-4b83-820a-8557dcd060fe

This generated password is for development use only. Your security configuration must be updated before running your application in production.

2024-08-06T14:25:13.748-04:00  INFO 25300 --- [           main] o.s.b.a.e.web.EndpointLinksResolver      : Exposing 13 endpoint(s) beneath base path '/actuator'
2024-08-06T14:25:13.760-04:00  INFO 25300 --- [           main] o.s.s.web.DefaultSecurityFilterChain     : Will secure any request with [org.springframework.security.web.session.DisableEncodeUrlFilter@3caee3a8, org.springframework.security.web.context.request.async.WebAsyncManagerIntegrationFilter@69a40b3c, org.springframework.security.web.context.SecurityContextHolderFilter@6544899b, org.springframework.security.web.header.HeaderWriterFilter@4c18516, org.springframework.web.filter.CorsFilter@251c90f, org.springframework.security.web.csrf.CsrfFilter@48cd319d, org.springframework.security.web.authentication.logout.LogoutFilter@7aa01bd9, org.springframework.security.web.authentication.UsernamePasswordAuthenticationFilter@636985df, org.springframework.security.web.authentication.ui.DefaultLoginPageGeneratingFilter@2ca3d826, org.springframework.security.web.authentication.ui.DefaultLogoutPageGeneratingFilter@6629643d, org.springframework.security.web.authentication.www.BasicAuthenticationFilter@49a38b1, org.springframework.security.web.savedrequest.RequestCacheAwareFilter@1bd8afc8, org.springframework.security.web.servletapi.SecurityContextHolderAwareRequestFilter@7c8874ef, org.springframework.security.web.authentication.AnonymousAuthenticationFilter@2dd178f3, org.springframework.security.web.access.ExceptionTranslationFilter@15605d83, org.springframework.security.web.access.intercept.AuthorizationFilter@38ac8968]
2024-08-06T14:25:13.825-04:00  INFO 25300 --- [           main] c.l.s.m.MycoolappApplicationTests        : Started MycoolappApplicationTests in 1.926 seconds (process running for 2.636)
]]></system-out>
  </testcase>
</testsuite>